<?xml version="1.0" encoding="UTF-8"?>
<!-- Generated by org.testng.reporters.JUnitXMLReporter -->
<testsuite ignored="0" hostname="DESKTOP-BM32J9M" failures="2" tests="6" name="Test" time="12.432" errors="0" timestamp="2024-10-10T11:30:53 IST">
  <testcase classname="api.testcases.UserTest" name="testCreateUser" time="5.95"/>
  <testcase classname="api.testcases.UserTest" name="testGetUserData" time="1.186"/>
  <testcase classname="api.testcases.UserTest" name="testUpdateUser" time="2.263"/>
  <testcase classname="api.testcases.UserTest" name="testDeleteUser" time="1.432"/>
  <testcase classname="api.testcases.UserTestDD" name="testCreateUser" time="0.0">
    <failure type="org.testng.TestNGException" message="
Method public void api.testcases.UserTestDD.testCreateUser(java.lang.String,java.lang.String,java.lang.String,java.lang.String,java.lang.String,java.lang.String,java.lang.String) requires a @DataProvider named : AllData in class org.testng.annotations.DataProvider">
      <![CDATA[org.testng.TestNGException: 
at java.base/java.util.ArrayList.forEach(ArrayList.java:1511)
... Removed 25 stack frames]]>
    </failure>
  </testcase> <!-- testCreateUser -->
  <testcase classname="api.testcases.UserTestDD" name="testDeleteUser" time="0.0">
    <failure type="org.testng.TestNGException" message="
Method public void api.testcases.UserTestDD.testDeleteUser(java.lang.String) requires a @DataProvider named : UserNameData in class org.testng.annotations.DataProvider">
      <![CDATA[org.testng.TestNGException: 
at java.base/java.util.ArrayList.forEach(ArrayList.java:1511)
... Removed 25 stack frames]]>
    </failure>
  </testcase> <!-- testDeleteUser -->
</testsuite> <!-- Test -->
